<?xml version="1.0" encoding="UTF-8"?>
<!-- Generated by org.testng.reporters.JUnitXMLReporter -->
<testsuite hostname="DESKTOP-G94VKJC" ignored="0" name="Default test" tests="1" failures="1" timestamp="18 Dec 2019 15:46:34 GMT" time="5.803" errors="0">
  <testcase name="loginSearch" time="5.731" classname="com.rk.yt.TestCases.FlipKartCase1">
    <failure type="org.openqa.selenium.SessionNotCreatedException" message="session not created: This version of ChromeDriver only supports Chrome version 77
Build info: version: &amp;apos;3.141.59&amp;apos;, revision: &amp;apos;e82be7d358&amp;apos;, time: &amp;apos;2018-11-14T08:17:03&amp;apos;
System info: host: &amp;apos;DESKTOP-G94VKJC&amp;apos;, ip: &amp;apos;192.168.1.4&amp;apos;, os.name: &amp;apos;Windows 10&amp;apos;, os.arch: &amp;apos;amd64&amp;apos;, os.version: &amp;apos;10.0&amp;apos;, java.version: &amp;apos;1.8.0_221&amp;apos;
Driver info: driver.version: ChromeDriver
remote stacktrace: Backtrace:
	Ordinal0 [0x00EFEB13+1501971]
	Ordinal0 [0x00E7F6D1+980689]
	Ordinal0 [0x00E0765F+489055]
	Ordinal0 [0x00D9F2F4+62196]
	Ordinal0 [0x00D9BCDA+48346]
	Ordinal0 [0x00DB9800+169984]
	Ordinal0 [0x00DB942D+169005]
	Ordinal0 [0x00DB78EB+162027]
	Ordinal0 [0x00DA0AC7+68295]
	Ordinal0 [0x00DA1B40+72512]
	Ordinal0 [0x00DA1AD9+72409]
	Ordinal0 [0x00E98F37+1085239]
	GetHandleVerifier [0x00F9D7ED+503293]
	GetHandleVerifier [0x00F9D580+502672]
	GetHandleVerifier [0x00FA46AC+531644]
	GetHandleVerifier [0x00F9DFFA+505354]
	Ordinal0 [0x00E90606+1050118]
	Ordinal0 [0x00E9047F+1049727]
	Ordinal0 [0x00E9AF9B+1093531]
	Ordinal0 [0x00E9B103+1093891]
	Ordinal0 [0x00E9A095+1089685]
	BaseThreadInitThunk [0x760A0419+25]
	RtlGetAppContainerNamedObjectPath [0x77CA662D+237]
	RtlGetAppContainerNamedObjectPath [0x77CA65FD+189]
">
      <![CDATA[org.openqa.selenium.SessionNotCreatedException: session not created: This version of ChromeDriver only supports Chrome version 77
Build info: version: '3.141.59', revision: 'e82be7d358', time: '2018-11-14T08:17:03'
System info: host: 'DESKTOP-G94VKJC', ip: '192.168.1.4', os.name: 'Windows 10', os.arch: 'amd64', os.version: '10.0', java.version: '1.8.0_221'
Driver info: driver.version: ChromeDriver
remote stacktrace: Backtrace:
Ordinal0 [0x00EFEB13+1501971]
Ordinal0 [0x00E7F6D1+980689]
Ordinal0 [0x00E0765F+489055]
Ordinal0 [0x00D9F2F4+62196]
Ordinal0 [0x00D9BCDA+48346]
Ordinal0 [0x00DB9800+169984]
Ordinal0 [0x00DB942D+169005]
Ordinal0 [0x00DB78EB+162027]
Ordinal0 [0x00DA0AC7+68295]
Ordinal0 [0x00DA1B40+72512]
Ordinal0 [0x00DA1AD9+72409]
Ordinal0 [0x00E98F37+1085239]
GetHandleVerifier [0x00F9D7ED+503293]
GetHandleVerifier [0x00F9D580+502672]
GetHandleVerifier [0x00FA46AC+531644]
GetHandleVerifier [0x00F9DFFA+505354]
Ordinal0 [0x00E90606+1050118]
Ordinal0 [0x00E9047F+1049727]
Ordinal0 [0x00E9AF9B+1093531]
Ordinal0 [0x00E9B103+1093891]
Ordinal0 [0x00E9A095+1089685]
BaseThreadInitThunk [0x760A0419+25]
RtlGetAppContainerNamedObjectPath [0x77CA662D+237]
RtlGetAppContainerNamedObjectPath [0x77CA65FD+189]

at sun.reflect.NativeConstructorAccessorImpl.newInstance0(Native Method)
at sun.reflect.NativeConstructorAccessorImpl.newInstance(Unknown Source)
at sun.reflect.DelegatingConstructorAccessorImpl.newInstance(Unknown Source)
at java.lang.reflect.Constructor.newInstance(Unknown Source)
at org.openqa.selenium.remote.W3CHandshakeResponse.lambda$errorHandler$0(W3CHandshakeResponse.java:62)
at org.openqa.selenium.remote.HandshakeResponse.lambda$getResponseFunction$0(HandshakeResponse.java:30)
at org.openqa.selenium.remote.ProtocolHandshake.lambda$createSession$0(ProtocolHandshake.java:126)
at java.util.stream.ReferencePipeline$3$1.accept(Unknown Source)
at java.util.Spliterators$ArraySpliterator.tryAdvance(Unknown Source)
at java.util.stream.ReferencePipeline.forEachWithCancel(Unknown Source)
at java.util.stream.AbstractPipeline.copyIntoWithCancel(Unknown Source)
at java.util.stream.AbstractPipeline.copyInto(Unknown Source)
at java.util.stream.AbstractPipeline.wrapAndCopyInto(Unknown Source)
at java.util.stream.FindOps$FindOp.evaluateSequential(Unknown Source)
at java.util.stream.AbstractPipeline.evaluate(Unknown Source)
at java.util.stream.ReferencePipeline.findFirst(Unknown Source)
at org.openqa.selenium.remote.ProtocolHandshake.createSession(ProtocolHandshake.java:128)
at org.openqa.selenium.remote.ProtocolHandshake.createSession(ProtocolHandshake.java:74)
at org.openqa.selenium.remote.HttpCommandExecutor.execute(HttpCommandExecutor.java:136)
at org.openqa.selenium.remote.service.DriverCommandExecutor.execute(DriverCommandExecutor.java:83)
at org.openqa.selenium.remote.RemoteWebDriver.execute(RemoteWebDriver.java:552)
at org.openqa.selenium.remote.RemoteWebDriver.startSession(RemoteWebDriver.java:213)
at org.openqa.selenium.remote.RemoteWebDriver.<init>(RemoteWebDriver.java:131)
at org.openqa.selenium.chrome.ChromeDriver.<init>(ChromeDriver.java:181)
at org.openqa.selenium.chrome.ChromeDriver.<init>(ChromeDriver.java:168)
at org.openqa.selenium.chrome.ChromeDriver.<init>(ChromeDriver.java:123)
at com.rk.yt.TestCases.FlipKartCase1.loginSearch(FlipKartCase1.java:27)
at sun.reflect.NativeMethodAccessorImpl.invoke0(Native Method)
at sun.reflect.NativeMethodAccessorImpl.invoke(Unknown Source)
at sun.reflect.DelegatingMethodAccessorImpl.invoke(Unknown Source)
at java.lang.reflect.Method.invoke(Unknown Source)
at org.testng.internal.MethodInvocationHelper.invokeMethod(MethodInvocationHelper.java:124)
at org.testng.internal.Invoker.invokeMethod(Invoker.java:583)
at org.testng.internal.Invoker.invokeTestMethod(Invoker.java:719)
at org.testng.internal.Invoker.invokeTestMethods(Invoker.java:989)
at org.testng.internal.TestMethodWorker.invokeTestMethods(TestMethodWorker.java:125)
at org.testng.internal.TestMethodWorker.run(TestMethodWorker.java:109)
at org.testng.TestRunner.privateRun(TestRunner.java:648)
at org.testng.TestRunner.run(TestRunner.java:505)
at org.testng.SuiteRunner.runTest(SuiteRunner.java:455)
at org.testng.SuiteRunner.runSequentially(SuiteRunner.java:450)
at org.testng.SuiteRunner.privateRun(SuiteRunner.java:415)
at org.testng.SuiteRunner.run(SuiteRunner.java:364)
at org.testng.SuiteRunnerWorker.runSuite(SuiteRunnerWorker.java:52)
at org.testng.SuiteRunnerWorker.run(SuiteRunnerWorker.java:84)
at org.testng.TestNG.runSuitesSequentially(TestNG.java:1208)
at org.testng.TestNG.runSuitesLocally(TestNG.java:1137)
at org.testng.TestNG.runSuites(TestNG.java:1049)
at org.testng.TestNG.run(TestNG.java:1017)
at org.testng.remote.AbstractRemoteTestNG.run(AbstractRemoteTestNG.java:115)
at org.testng.remote.RemoteTestNG.initAndRun(RemoteTestNG.java:251)
at org.testng.remote.RemoteTestNG.main(RemoteTestNG.java:77)
]]>
    </failure>
  </testcase> <!-- loginSearch -->
</testsuite> <!-- Default test -->
